<?xml version="1.0" encoding="UTF-8"?>
<coverage generated="1546608848468" clover="3.2.0">
  <project timestamp="1546608848468" name="All files">
    <metrics statements="16" coveredstatements="16" conditionals="2" coveredconditionals="2" methods="10" coveredmethods="10" elements="28" coveredelements="28" complexity="0" loc="16" ncloc="16" packages="3" files="6" classes="6">
      <package name="Root">
        <metrics statements="3" coveredstatements="3" conditionals="0" coveredconditionals="0" methods="3" coveredmethods="3"/>
        <file name="Root.js" path="/Users/sophieliu/Documents/to-do-list/src/components/Root/Root.js">
          <metrics statements="3" coveredstatements="3" conditionals="0" coveredconditionals="0" methods="3" coveredmethods="3"/>
          <line num="12" count="2" type="stmt"/>
          <line num="19" count="1" type="stmt"/>
          <line num="27" count="6" type="stmt"/>
        </file>
        <file name="index.js" path="/Users/sophieliu/Documents/to-do-list/src/components/Root/index.js">
          <metrics statements="0" coveredstatements="0" conditionals="0" coveredconditionals="0" methods="0" coveredmethods="0"/>
        </file>
      </package>
      <package name="Root.Add">
        <metrics statements="7" coveredstatements="7" conditionals="0" coveredconditionals="0" methods="3" coveredmethods="3"/>
        <file name="Add.js" path="/Users/sophieliu/Documents/to-do-list/src/components/Root/Add/Add.js">
          <metrics statements="7" coveredstatements="7" conditionals="0" coveredconditionals="0" methods="3" coveredmethods="3"/>
          <line num="12" count="2" type="stmt"/>
          <line num="14" count="2" type="stmt"/>
          <line num="18" count="1" type="stmt"/>
          <line num="20" count="1" type="stmt"/>
          <line num="25" count="1" type="stmt"/>
          <line num="26" count="1" type="stmt"/>
          <line num="30" count="4" type="stmt"/>
        </file>
        <file name="index.js" path="/Users/sophieliu/Documents/to-do-list/src/components/Root/Add/index.js">
          <metrics statements="0" coveredstatements="0" conditionals="0" coveredconditionals="0" methods="0" coveredmethods="0"/>
        </file>
      </package>
      <package name="Root.List">
        <metrics statements="6" coveredstatements="6" conditionals="2" coveredconditionals="2" methods="4" coveredmethods="4"/>
        <file name="List.js" path="/Users/sophieliu/Documents/to-do-list/src/components/Root/List/List.js">
          <metrics statements="6" coveredstatements="6" conditionals="2" coveredconditionals="2" methods="4" coveredmethods="4"/>
          <line num="5" count="2" type="stmt"/>
          <line num="7" count="3" type="stmt"/>
          <line num="9" count="3" type="cond" truecount="2" falsecount="0"/>
          <line num="11" count="2" type="stmt"/>
          <line num="14" count="4" type="stmt"/>
          <line num="18" count="1" type="stmt"/>
        </file>
        <file name="index.js" path="/Users/sophieliu/Documents/to-do-list/src/components/Root/List/index.js">
          <metrics statements="0" coveredstatements="0" conditionals="0" coveredconditionals="0" methods="0" coveredmethods="0"/>
        </file>
      </package>
    </metrics>
  </project>
</coverage>
