{"/Users/sophieliu/Documents/to-do-list/src/components/Root/Root.js": {"path":"/Users/sophieliu/Documents/to-do-list/src/components/Root/Root.js","statementMap":{"0":{"start":{"line":12,"column":4},"end":{"line":14,"column":7}},"1":{"start":{"line":19,"column":4},"end":{"line":23,"column":7}},"2":{"start":{"line":27,"column":4},"end":{"line":33,"column":6}}},"fnMap":{"0":{"name":"(anonymous_0)","decl":{"start":{"line":10,"column":14},"end":{"line":10,"column":15}},"loc":{"start":{"line":10,"column":25},"end":{"line":15,"column":3}},"line":10},"1":{"name":"(anonymous_1)","decl":{"start":{"line":17,"column":15},"end":{"line":17,"column":16}},"loc":{"start":{"line":17,"column":28},"end":{"line":24,"column":3}},"line":17},"2":{"name":"(anonymous_2)","decl":{"start":{"line":26,"column":2},"end":{"line":26,"column":3}},"loc":{"start":{"line":26,"column":11},"end":{"line":34,"column":3}},"line":26}},"branchMap":{},"s":{"0":2,"1":1,"2":6},"f":{"0":2,"1":1,"2":6},"b":{},"_coverageSchema":"332fd63041d2c1bcb487cc26dd0d5f7d97098a6c","hash":"730181bd3c47d6f979ec1a29eb1f147b3186f7c9"}
,"/Users/sophieliu/Documents/to-do-list/src/components/Root/index.js": {"path":"/Users/sophieliu/Documents/to-do-list/src/components/Root/index.js","statementMap":{},"fnMap":{},"branchMap":{},"s":{},"f":{},"b":{},"_coverageSchema":"332fd63041d2c1bcb487cc26dd0d5f7d97098a6c","hash":"ab97ec4e475855cc5c0cad898d03033d88fb9815"}
,"/Users/sophieliu/Documents/to-do-list/src/components/Root/Add/Add.js": {"path":"/Users/sophieliu/Documents/to-do-list/src/components/Root/Add/Add.js","statementMap":{"0":{"start":{"line":12,"column":28},"end":{"line":12,"column":38}},"1":{"start":{"line":14,"column":4},"end":{"line":14,"column":37}},"2":{"start":{"line":18,"column":4},"end":{"line":18,"column":25}},"3":{"start":{"line":20,"column":20},"end":{"line":23,"column":5}},"4":{"start":{"line":25,"column":4},"end":{"line":25,"column":33}},"5":{"start":{"line":26,"column":4},"end":{"line":26,"column":37}},"6":{"start":{"line":30,"column":4},"end":{"line":51,"column":6}}},"fnMap":{"0":{"name":"(anonymous_0)","decl":{"start":{"line":11,"column":17},"end":{"line":11,"column":18}},"loc":{"start":{"line":11,"column":24},"end":{"line":15,"column":3}},"line":11},"1":{"name":"(anonymous_1)","decl":{"start":{"line":17,"column":17},"end":{"line":17,"column":18}},"loc":{"start":{"line":17,"column":24},"end":{"line":27,"column":3}},"line":17},"2":{"name":"(anonymous_2)","decl":{"start":{"line":29,"column":2},"end":{"line":29,"column":3}},"loc":{"start":{"line":29,"column":11},"end":{"line":52,"column":3}},"line":29}},"branchMap":{},"s":{"0":2,"1":2,"2":1,"3":1,"4":1,"5":1,"6":4},"f":{"0":2,"1":1,"2":4},"b":{},"_coverageSchema":"332fd63041d2c1bcb487cc26dd0d5f7d97098a6c","hash":"d632aa1a74751b6872e405c46aae2cad9110017b"}
,"/Users/sophieliu/Documents/to-do-list/src/components/Root/Add/index.js": {"path":"/Users/sophieliu/Documents/to-do-list/src/components/Root/Add/index.js","statementMap":{},"fnMap":{},"branchMap":{},"s":{},"f":{},"b":{},"_coverageSchema":"332fd63041d2c1bcb487cc26dd0d5f7d97098a6c","hash":"67db49aa65d10b45db42cda0dc1acc545ad33d7f"}
,"/Users/sophieliu/Documents/to-do-list/src/components/Root/List/List.js": {"path":"/Users/sophieliu/Documents/to-do-list/src/components/Root/List/List.js","statementMap":{"0":{"start":{"line":5,"column":13},"end":{"line":25,"column":1}},"1":{"start":{"line":7,"column":23},"end":{"line":7,"column":70}},"2":{"start":{"line":7,"column":44},"end":{"line":7,"column":69}},"3":{"start":{"line":9,"column":2},"end":{"line":9,"column":61}},"4":{"start":{"line":9,"column":33},"end":{"line":9,"column":61}},"5":{"start":{"line":11,"column":2},"end":{"line":24,"column":4}},"6":{"start":{"line":14,"column":8},"end":{"line":21,"column":13}},"7":{"start":{"line":18,"column":54},"end":{"line":18,"column":71}}},"fnMap":{"0":{"name":"(anonymous_0)","decl":{"start":{"line":5,"column":13},"end":{"line":5,"column":14}},"loc":{"start":{"line":5,"column":40},"end":{"line":25,"column":1}},"line":5},"1":{"name":"(anonymous_1)","decl":{"start":{"line":7,"column":34},"end":{"line":7,"column":35}},"loc":{"start":{"line":7,"column":44},"end":{"line":7,"column":69}},"line":7},"2":{"name":"(anonymous_2)","decl":{"start":{"line":13,"column":24},"end":{"line":13,"column":25}},"loc":{"start":{"line":14,"column":8},"end":{"line":21,"column":13}},"line":14},"3":{"name":"(anonymous_3)","decl":{"start":{"line":18,"column":48},"end":{"line":18,"column":49}},"loc":{"start":{"line":18,"column":54},"end":{"line":18,"column":71}},"line":18}},"branchMap":{"0":{"loc":{"start":{"line":9,"column":2},"end":{"line":9,"column":61}},"type":"if","locations":[{"start":{"line":9,"column":2},"end":{"line":9,"column":61}},{"start":{"line":9,"column":2},"end":{"line":9,"column":61}}],"line":9}},"s":{"0":2,"1":3,"2":2,"3":3,"4":1,"5":2,"6":4,"7":1},"f":{"0":3,"1":2,"2":4,"3":1},"b":{"0":[1,2]},"_coverageSchema":"332fd63041d2c1bcb487cc26dd0d5f7d97098a6c","hash":"342842781d56584068ace860170349e3f5eeeb70"}
,"/Users/sophieliu/Documents/to-do-list/src/components/Root/List/index.js": {"path":"/Users/sophieliu/Documents/to-do-list/src/components/Root/List/index.js","statementMap":{},"fnMap":{},"branchMap":{},"s":{},"f":{},"b":{},"_coverageSchema":"332fd63041d2c1bcb487cc26dd0d5f7d97098a6c","hash":"ebda0498d1252dde6f6d19d60c5e15056364e057"}
}
