TN:
SF:/Users/sophieliu/Documents/to-do-list/src/components/Root/Root.js
FN:10,(anonymous_0)
FN:17,(anonymous_1)
FN:26,(anonymous_2)
FNF:3
FNH:3
FNDA:2,(anonymous_0)
FNDA:1,(anonymous_1)
FNDA:6,(anonymous_2)
DA:12,2
DA:19,1
DA:27,6
LF:3
LH:3
BRF:0
BRH:0
end_of_record
TN:
SF:/Users/sophieliu/Documents/to-do-list/src/components/Root/index.js
FNF:0
FNH:0
LF:0
LH:0
BRF:0
BRH:0
end_of_record
TN:
SF:/Users/sophieliu/Documents/to-do-list/src/components/Root/Add/Add.js
FN:11,(anonymous_0)
FN:17,(anonymous_1)
FN:29,(anonymous_2)
FNF:3
FNH:3
FNDA:2,(anonymous_0)
FNDA:1,(anonymous_1)
FNDA:4,(anonymous_2)
DA:12,2
DA:14,2
DA:18,1
DA:20,1
DA:25,1
DA:26,1
DA:30,4
LF:7
LH:7
BRF:0
BRH:0
end_of_record
TN:
SF:/Users/sophieliu/Documents/to-do-list/src/components/Root/Add/index.js
FNF:0
FNH:0
LF:0
LH:0
BRF:0
BRH:0
end_of_record
TN:
SF:/Users/sophieliu/Documents/to-do-list/src/components/Root/List/List.js
FN:5,(anonymous_0)
FN:7,(anonymous_1)
FN:13,(anonymous_2)
FN:18,(anonymous_3)
FNF:4
FNH:4
FNDA:3,(anonymous_0)
FNDA:2,(anonymous_1)
FNDA:4,(anonymous_2)
FNDA:1,(anonymous_3)
DA:5,2
DA:7,3
DA:9,3
DA:11,2
DA:14,4
DA:18,1
LF:6
LH:6
BRDA:9,0,0,1
BRDA:9,0,1,2
BRF:2
BRH:2
end_of_record
TN:
SF:/Users/sophieliu/Documents/to-do-list/src/components/Root/List/index.js
FNF:0
FNH:0
LF:0
LH:0
BRF:0
BRH:0
end_of_record
